<?xml version="1.0" encoding="UTF-8"?>
<!-- Generated by org.testng.reporters.JUnitXMLReporter -->
<testsuite hostname="LAPTOP-4FVKRHU2" ignored="0" name="Test" tests="4" failures="0" timestamp="25 Sep 2021 08:27:19 GMT" time="44.984" errors="0">
  <testcase name="testWeatherApp" time="4.331" classname="WeatherReportTest.TestWeatherApp"/>
  <testcase name="testWithAddress" time="11.291" classname="WeatherReportTest.TestWeatherApp"/>
  <testcase name="testMoreInfo" time="10.821" classname="WeatherReportTest.TestWeatherApp"/>
  <testcase name="checkAbout" time="14.264" classname="WeatherReportTest.TestWeatherApp"/>
</testsuite> <!-- Test -->
